WARNING: A conda environment already exists at '/home/mushir/.conda/envs/new_env'
Remove existing environment (y/[n])? 
Collecting package metadata (current_repodata.json): ...working... done
Solving environment: ...working... done

# All requested packages already installed.

Collecting package metadata (current_repodata.json): ...working... done
Solving environment: ...working... done

# All requested packages already installed.

Defaulting to user installation because normal site-packages is not writeable
Requirement already satisfied: simpletransformers in /home/mushir/.local/lib/python3.8/site-packages (0.63.7)
Requirement already satisfied: streamlit in /home/mushir/.local/lib/python3.8/site-packages (from simpletransformers) (1.10.0)
Requirement already satisfied: requests in /software/anaconda3/2021.05/lib/python3.8/site-packages (from simpletransformers) (2.25.1)
Requirement already satisfied: numpy in /software/anaconda3/2021.05/lib/python3.8/site-packages (from simpletransformers) (1.20.1)
Requirement already satisfied: datasets in /home/mushir/.local/lib/python3.8/site-packages (from simpletransformers) (2.3.2)
Requirement already satisfied: scipy in /software/anaconda3/2021.05/lib/python3.8/site-packages (from simpletransformers) (1.6.2)
Requirement already satisfied: transformers>=4.6.0 in /home/mushir/.local/lib/python3.8/site-packages (from simpletransformers) (4.20.0)
Requirement already satisfied: tensorboard in /software/anaconda3/2021.05/lib/python3.8/site-packages (from simpletransformers) (2.4.1)
Requirement already satisfied: regex in /software/anaconda3/2021.05/lib/python3.8/site-packages (from simpletransformers) (2021.4.4)
Requirement already satisfied: seqeval in /home/mushir/.local/lib/python3.8/site-packages (from simpletransformers) (1.2.2)
Requirement already satisfied: tqdm>=4.47.0 in /home/mushir/.local/lib/python3.8/site-packages (from simpletransformers) (4.64.0)
Requirement already satisfied: tokenizers in /home/mushir/.local/lib/python3.8/site-packages (from simpletransformers) (0.12.1)
Requirement already satisfied: scikit-learn in /software/anaconda3/2021.05/lib/python3.8/site-packages (from simpletransformers) (0.24.1)
Requirement already satisfied: wandb>=0.10.32 in /home/mushir/.local/lib/python3.8/site-packages (from simpletransformers) (0.12.19)
Requirement already satisfied: sentencepiece in /home/mushir/.local/lib/python3.8/site-packages (from simpletransformers) (0.1.96)
Requirement already satisfied: pandas in /software/anaconda3/2021.05/lib/python3.8/site-packages (from simpletransformers) (1.2.4)
Requirement already satisfied: huggingface-hub<1.0,>=0.1.0 in /home/mushir/.local/lib/python3.8/site-packages (from transformers>=4.6.0->simpletransformers) (0.7.0)
Requirement already satisfied: filelock in /software/anaconda3/2021.05/lib/python3.8/site-packages (from transformers>=4.6.0->simpletransformers) (3.0.12)
Requirement already satisfied: packaging>=20.0 in /software/anaconda3/2021.05/lib/python3.8/site-packages (from transformers>=4.6.0->simpletransformers) (20.9)
Requirement already satisfied: pyyaml>=5.1 in /software/anaconda3/2021.05/lib/python3.8/site-packages (from transformers>=4.6.0->simpletransformers) (5.4.1)
Requirement already satisfied: typing-extensions>=3.7.4.3 in /home/mushir/.local/lib/python3.8/site-packages (from huggingface-hub<1.0,>=0.1.0->transformers>=4.6.0->simpletransformers) (4.2.0)
Requirement already satisfied: pyparsing>=2.0.2 in /software/anaconda3/2021.05/lib/python3.8/site-packages (from packaging>=20.0->transformers>=4.6.0->simpletransformers) (2.4.7)
Requirement already satisfied: Click!=8.0.0,>=7.0 in /software/anaconda3/2021.05/lib/python3.8/site-packages (from wandb>=0.10.32->simpletransformers) (7.1.2)
Requirement already satisfied: GitPython>=1.0.0 in /home/mushir/.local/lib/python3.8/site-packages (from wandb>=0.10.32->simpletransformers) (3.1.27)
Requirement already satisfied: psutil>=5.0.0 in /software/anaconda3/2021.05/lib/python3.8/site-packages (from wandb>=0.10.32->simpletransformers) (5.8.0)
Requirement already satisfied: sentry-sdk>=1.0.0 in /home/mushir/.local/lib/python3.8/site-packages (from wandb>=0.10.32->simpletransformers) (1.6.0)
Requirement already satisfied: shortuuid>=0.5.0 in /home/mushir/.local/lib/python3.8/site-packages (from wandb>=0.10.32->simpletransformers) (1.0.9)
Requirement already satisfied: promise<3,>=2.0 in /home/mushir/.local/lib/python3.8/site-packages (from wandb>=0.10.32->simpletransformers) (2.3)
Requirement already satisfied: six>=1.13.0 in /software/anaconda3/2021.05/lib/python3.8/site-packages (from wandb>=0.10.32->simpletransformers) (1.15.0)
Requirement already satisfied: docker-pycreds>=0.4.0 in /home/mushir/.local/lib/python3.8/site-packages (from wandb>=0.10.32->simpletransformers) (0.4.0)
Requirement already satisfied: setproctitle in /home/mushir/.local/lib/python3.8/site-packages (from wandb>=0.10.32->simpletransformers) (1.2.3)
Requirement already satisfied: setuptools in /software/anaconda3/2021.05/lib/python3.8/site-packages (from wandb>=0.10.32->simpletransformers) (52.0.0.post20210125)
Requirement already satisfied: protobuf<4.0dev,>=3.12.0 in /software/anaconda3/2021.05/lib/python3.8/site-packages (from wandb>=0.10.32->simpletransformers) (3.13.0)
Requirement already satisfied: pathtools in /home/mushir/.local/lib/python3.8/site-packages (from wandb>=0.10.32->simpletransformers) (0.1.2)
Requirement already satisfied: gitdb<5,>=4.0.1 in /home/mushir/.local/lib/python3.8/site-packages (from GitPython>=1.0.0->wandb>=0.10.32->simpletransformers) (4.0.9)
Requirement already satisfied: smmap<6,>=3.0.1 in /home/mushir/.local/lib/python3.8/site-packages (from gitdb<5,>=4.0.1->GitPython>=1.0.0->wandb>=0.10.32->simpletransformers) (5.0.0)
Requirement already satisfied: certifi>=2017.4.17 in /software/anaconda3/2021.05/lib/python3.8/site-packages (from requests->simpletransformers) (2020.12.5)
Requirement already satisfied: chardet<5,>=3.0.2 in /software/anaconda3/2021.05/lib/python3.8/site-packages (from requests->simpletransformers) (4.0.0)
Requirement already satisfied: urllib3<1.27,>=1.21.1 in /software/anaconda3/2021.05/lib/python3.8/site-packages (from requests->simpletransformers) (1.26.4)
Requirement already satisfied: idna<3,>=2.5 in /software/anaconda3/2021.05/lib/python3.8/site-packages (from requests->simpletransformers) (2.10)
Requirement already satisfied: pyarrow>=6.0.0 in /home/mushir/.local/lib/python3.8/site-packages (from datasets->simpletransformers) (8.0.0)
Requirement already satisfied: multiprocess in /home/mushir/.local/lib/python3.8/site-packages (from datasets->simpletransformers) (0.70.13)
Requirement already satisfied: fsspec[http]>=2021.05.0 in /home/mushir/.local/lib/python3.8/site-packages (from datasets->simpletransformers) (2022.5.0)
Requirement already satisfied: xxhash in /home/mushir/.local/lib/python3.8/site-packages (from datasets->simpletransformers) (3.0.0)
Requirement already satisfied: aiohttp in /home/mushir/.local/lib/python3.8/site-packages (from datasets->simpletransformers) (3.8.1)
Requirement already satisfied: dill<0.3.6 in /home/mushir/.local/lib/python3.8/site-packages (from datasets->simpletransformers) (0.3.5.1)
Requirement already satisfied: responses<0.19 in /home/mushir/.local/lib/python3.8/site-packages (from datasets->simpletransformers) (0.18.0)
Requirement already satisfied: async-timeout<5.0,>=4.0.0a3 in /home/mushir/.local/lib/python3.8/site-packages (from aiohttp->datasets->simpletransformers) (4.0.2)
Requirement already satisfied: frozenlist>=1.1.1 in /home/mushir/.local/lib/python3.8/site-packages (from aiohttp->datasets->simpletransformers) (1.3.0)
Requirement already satisfied: attrs>=17.3.0 in /software/anaconda3/2021.05/lib/python3.8/site-packages (from aiohttp->datasets->simpletransformers) (20.3.0)
Requirement already satisfied: multidict<7.0,>=4.5 in /home/mushir/.local/lib/python3.8/site-packages (from aiohttp->datasets->simpletransformers) (6.0.2)
Requirement already satisfied: aiosignal>=1.1.2 in /home/mushir/.local/lib/python3.8/site-packages (from aiohttp->datasets->simpletransformers) (1.2.0)
Requirement already satisfied: yarl<2.0,>=1.0 in /home/mushir/.local/lib/python3.8/site-packages (from aiohttp->datasets->simpletransformers) (1.7.2)
Requirement already satisfied: charset-normalizer<3.0,>=2.0 in /home/mushir/.local/lib/python3.8/site-packages (from aiohttp->datasets->simpletransformers) (2.1.0)
Requirement already satisfied: python-dateutil>=2.7.3 in /software/anaconda3/2021.05/lib/python3.8/site-packages (from pandas->simpletransformers) (2.8.1)
Requirement already satisfied: pytz>=2017.3 in /software/anaconda3/2021.05/lib/python3.8/site-packages (from pandas->simpletransformers) (2021.1)
Requirement already satisfied: threadpoolctl>=2.0.0 in /software/anaconda3/2021.05/lib/python3.8/site-packages (from scikit-learn->simpletransformers) (2.1.0)
Requirement already satisfied: joblib>=0.11 in /software/anaconda3/2021.05/lib/python3.8/site-packages (from scikit-learn->simpletransformers) (1.0.1)
Requirement already satisfied: validators in /home/mushir/.local/lib/python3.8/site-packages (from streamlit->simpletransformers) (0.20.0)
Requirement already satisfied: cachetools>=4.0 in /software/anaconda3/2021.05/lib/python3.8/site-packages (from streamlit->simpletransformers) (4.2.4)
Requirement already satisfied: altair>=3.2.0 in /home/mushir/.local/lib/python3.8/site-packages (from streamlit->simpletransformers) (4.2.0)
Requirement already satisfied: tornado>=5.0 in /software/anaconda3/2021.05/lib/python3.8/site-packages (from streamlit->simpletransformers) (6.1)
Requirement already satisfied: tzlocal in /home/mushir/.local/lib/python3.8/site-packages (from streamlit->simpletransformers) (4.2)
Requirement already satisfied: blinker in /software/anaconda3/2021.05/lib/python3.8/site-packages (from streamlit->simpletransformers) (1.4)
Requirement already satisfied: importlib-metadata>=1.4 in /software/anaconda3/2021.05/lib/python3.8/site-packages (from streamlit->simpletransformers) (3.10.0)
Requirement already satisfied: pydeck>=0.1.dev5 in /home/mushir/.local/lib/python3.8/site-packages (from streamlit->simpletransformers) (0.7.1)
Requirement already satisfied: semver in /home/mushir/.local/lib/python3.8/site-packages (from streamlit->simpletransformers) (2.13.0)
Requirement already satisfied: pillow>=6.2.0 in /software/anaconda3/2021.05/lib/python3.8/site-packages (from streamlit->simpletransformers) (8.2.0)
Requirement already satisfied: watchdog in /software/anaconda3/2021.05/lib/python3.8/site-packages (from streamlit->simpletransformers) (1.0.2)
Requirement already satisfied: pympler>=0.9 in /home/mushir/.local/lib/python3.8/site-packages (from streamlit->simpletransformers) (1.0.1)
Requirement already satisfied: rich in /home/mushir/.local/lib/python3.8/site-packages (from streamlit->simpletransformers) (12.4.4)
Requirement already satisfied: toml in /software/anaconda3/2021.05/lib/python3.8/site-packages (from streamlit->simpletransformers) (0.10.2)
Requirement already satisfied: jinja2 in /software/anaconda3/2021.05/lib/python3.8/site-packages (from altair>=3.2.0->streamlit->simpletransformers) (2.11.3)
Requirement already satisfied: jsonschema>=3.0 in /software/anaconda3/2021.05/lib/python3.8/site-packages (from altair>=3.2.0->streamlit->simpletransformers) (3.2.0)
Requirement already satisfied: entrypoints in /software/anaconda3/2021.05/lib/python3.8/site-packages (from altair>=3.2.0->streamlit->simpletransformers) (0.3)
Requirement already satisfied: toolz in /software/anaconda3/2021.05/lib/python3.8/site-packages (from altair>=3.2.0->streamlit->simpletransformers) (0.11.1)
Requirement already satisfied: zipp>=0.5 in /software/anaconda3/2021.05/lib/python3.8/site-packages (from importlib-metadata>=1.4->streamlit->simpletransformers) (3.4.1)
Requirement already satisfied: pyrsistent>=0.14.0 in /software/anaconda3/2021.05/lib/python3.8/site-packages (from jsonschema>=3.0->altair>=3.2.0->streamlit->simpletransformers) (0.17.3)
Requirement already satisfied: ipywidgets>=7.0.0 in /software/anaconda3/2021.05/lib/python3.8/site-packages (from pydeck>=0.1.dev5->streamlit->simpletransformers) (7.6.3)
Requirement already satisfied: ipykernel>=5.1.2 in /software/anaconda3/2021.05/lib/python3.8/site-packages (from pydeck>=0.1.dev5->streamlit->simpletransformers) (5.3.4)
Requirement already satisfied: traitlets>=4.3.2 in /software/anaconda3/2021.05/lib/python3.8/site-packages (from pydeck>=0.1.dev5->streamlit->simpletransformers) (5.0.5)
Requirement already satisfied: jupyter-client in /software/anaconda3/2021.05/lib/python3.8/site-packages (from ipykernel>=5.1.2->pydeck>=0.1.dev5->streamlit->simpletransformers) (6.1.12)
Requirement already satisfied: ipython>=5.0.0 in /software/anaconda3/2021.05/lib/python3.8/site-packages (from ipykernel>=5.1.2->pydeck>=0.1.dev5->streamlit->simpletransformers) (7.22.0)
Requirement already satisfied: pexpect>4.3 in /software/anaconda3/2021.05/lib/python3.8/site-packages (from ipython>=5.0.0->ipykernel>=5.1.2->pydeck>=0.1.dev5->streamlit->simpletransformers) (4.8.0)
Requirement already satisfied: jedi>=0.16 in /software/anaconda3/2021.05/lib/python3.8/site-packages (from ipython>=5.0.0->ipykernel>=5.1.2->pydeck>=0.1.dev5->streamlit->simpletransformers) (0.17.2)
Requirement already satisfied: decorator in /software/anaconda3/2021.05/lib/python3.8/site-packages (from ipython>=5.0.0->ipykernel>=5.1.2->pydeck>=0.1.dev5->streamlit->simpletransformers) (5.0.6)
Requirement already satisfied: pickleshare in /software/anaconda3/2021.05/lib/python3.8/site-packages (from ipython>=5.0.0->ipykernel>=5.1.2->pydeck>=0.1.dev5->streamlit->simpletransformers) (0.7.5)
Requirement already satisfied: backcall in /software/anaconda3/2021.05/lib/python3.8/site-packages (from ipython>=5.0.0->ipykernel>=5.1.2->pydeck>=0.1.dev5->streamlit->simpletransformers) (0.2.0)
Requirement already satisfied: pygments in /software/anaconda3/2021.05/lib/python3.8/site-packages (from ipython>=5.0.0->ipykernel>=5.1.2->pydeck>=0.1.dev5->streamlit->simpletransformers) (2.8.1)
Requirement already satisfied: prompt-toolkit!=3.0.0,!=3.0.1,<3.1.0,>=2.0.0 in /software/anaconda3/2021.05/lib/python3.8/site-packages (from ipython>=5.0.0->ipykernel>=5.1.2->pydeck>=0.1.dev5->streamlit->simpletransformers) (3.0.17)
Requirement already satisfied: jupyterlab-widgets>=1.0.0 in /software/anaconda3/2021.05/lib/python3.8/site-packages (from ipywidgets>=7.0.0->pydeck>=0.1.dev5->streamlit->simpletransformers) (1.0.0)
Requirement already satisfied: widgetsnbextension~=3.5.0 in /software/anaconda3/2021.05/lib/python3.8/site-packages (from ipywidgets>=7.0.0->pydeck>=0.1.dev5->streamlit->simpletransformers) (3.5.1)
Requirement already satisfied: nbformat>=4.2.0 in /software/anaconda3/2021.05/lib/python3.8/site-packages (from ipywidgets>=7.0.0->pydeck>=0.1.dev5->streamlit->simpletransformers) (5.1.3)
Requirement already satisfied: parso<0.8.0,>=0.7.0 in /software/anaconda3/2021.05/lib/python3.8/site-packages (from jedi>=0.16->ipython>=5.0.0->ipykernel>=5.1.2->pydeck>=0.1.dev5->streamlit->simpletransformers) (0.7.0)
Requirement already satisfied: MarkupSafe>=0.23 in /software/anaconda3/2021.05/lib/python3.8/site-packages (from jinja2->altair>=3.2.0->streamlit->simpletransformers) (1.1.1)
Requirement already satisfied: ipython-genutils in /software/anaconda3/2021.05/lib/python3.8/site-packages (from nbformat>=4.2.0->ipywidgets>=7.0.0->pydeck>=0.1.dev5->streamlit->simpletransformers) (0.2.0)
Requirement already satisfied: jupyter-core in /software/anaconda3/2021.05/lib/python3.8/site-packages (from nbformat>=4.2.0->ipywidgets>=7.0.0->pydeck>=0.1.dev5->streamlit->simpletransformers) (4.7.1)
Requirement already satisfied: ptyprocess>=0.5 in /software/anaconda3/2021.05/lib/python3.8/site-packages (from pexpect>4.3->ipython>=5.0.0->ipykernel>=5.1.2->pydeck>=0.1.dev5->streamlit->simpletransformers) (0.7.0)
Requirement already satisfied: wcwidth in /software/anaconda3/2021.05/lib/python3.8/site-packages (from prompt-toolkit!=3.0.0,!=3.0.1,<3.1.0,>=2.0.0->ipython>=5.0.0->ipykernel>=5.1.2->pydeck>=0.1.dev5->streamlit->simpletransformers) (0.2.5)
Requirement already satisfied: notebook>=4.4.1 in /software/anaconda3/2021.05/lib/python3.8/site-packages (from widgetsnbextension~=3.5.0->ipywidgets>=7.0.0->pydeck>=0.1.dev5->streamlit->simpletransformers) (6.3.0)
Requirement already satisfied: pyzmq>=17 in /software/anaconda3/2021.05/lib/python3.8/site-packages (from notebook>=4.4.1->widgetsnbextension~=3.5.0->ipywidgets>=7.0.0->pydeck>=0.1.dev5->streamlit->simpletransformers) (20.0.0)
Requirement already satisfied: nbconvert in /software/anaconda3/2021.05/lib/python3.8/site-packages (from notebook>=4.4.1->widgetsnbextension~=3.5.0->ipywidgets>=7.0.0->pydeck>=0.1.dev5->streamlit->simpletransformers) (6.0.7)
Requirement already satisfied: terminado>=0.8.3 in /software/anaconda3/2021.05/lib/python3.8/site-packages (from notebook>=4.4.1->widgetsnbextension~=3.5.0->ipywidgets>=7.0.0->pydeck>=0.1.dev5->streamlit->simpletransformers) (0.9.4)
Requirement already satisfied: argon2-cffi in /software/anaconda3/2021.05/lib/python3.8/site-packages (from notebook>=4.4.1->widgetsnbextension~=3.5.0->ipywidgets>=7.0.0->pydeck>=0.1.dev5->streamlit->simpletransformers) (20.1.0)
Requirement already satisfied: Send2Trash>=1.5.0 in /software/anaconda3/2021.05/lib/python3.8/site-packages (from notebook>=4.4.1->widgetsnbextension~=3.5.0->ipywidgets>=7.0.0->pydeck>=0.1.dev5->streamlit->simpletransformers) (1.5.0)
Requirement already satisfied: prometheus-client in /software/anaconda3/2021.05/lib/python3.8/site-packages (from notebook>=4.4.1->widgetsnbextension~=3.5.0->ipywidgets>=7.0.0->pydeck>=0.1.dev5->streamlit->simpletransformers) (0.10.1)
Requirement already satisfied: cffi>=1.0.0 in /software/anaconda3/2021.05/lib/python3.8/site-packages (from argon2-cffi->notebook>=4.4.1->widgetsnbextension~=3.5.0->ipywidgets>=7.0.0->pydeck>=0.1.dev5->streamlit->simpletransformers) (1.14.5)
Requirement already satisfied: pycparser in /software/anaconda3/2021.05/lib/python3.8/site-packages (from cffi>=1.0.0->argon2-cffi->notebook>=4.4.1->widgetsnbextension~=3.5.0->ipywidgets>=7.0.0->pydeck>=0.1.dev5->streamlit->simpletransformers) (2.20)
Requirement already satisfied: pandocfilters>=1.4.1 in /software/anaconda3/2021.05/lib/python3.8/site-packages (from nbconvert->notebook>=4.4.1->widgetsnbextension~=3.5.0->ipywidgets>=7.0.0->pydeck>=0.1.dev5->streamlit->simpletransformers) (1.4.3)
Requirement already satisfied: mistune<2,>=0.8.1 in /software/anaconda3/2021.05/lib/python3.8/site-packages (from nbconvert->notebook>=4.4.1->widgetsnbextension~=3.5.0->ipywidgets>=7.0.0->pydeck>=0.1.dev5->streamlit->simpletransformers) (0.8.4)
Requirement already satisfied: defusedxml in /software/anaconda3/2021.05/lib/python3.8/site-packages (from nbconvert->notebook>=4.4.1->widgetsnbextension~=3.5.0->ipywidgets>=7.0.0->pydeck>=0.1.dev5->streamlit->simpletransformers) (0.7.1)
Requirement already satisfied: testpath in /software/anaconda3/2021.05/lib/python3.8/site-packages (from nbconvert->notebook>=4.4.1->widgetsnbextension~=3.5.0->ipywidgets>=7.0.0->pydeck>=0.1.dev5->streamlit->simpletransformers) (0.4.4)
Requirement already satisfied: nbclient<0.6.0,>=0.5.0 in /software/anaconda3/2021.05/lib/python3.8/site-packages (from nbconvert->notebook>=4.4.1->widgetsnbextension~=3.5.0->ipywidgets>=7.0.0->pydeck>=0.1.dev5->streamlit->simpletransformers) (0.5.3)
Requirement already satisfied: bleach in /software/anaconda3/2021.05/lib/python3.8/site-packages (from nbconvert->notebook>=4.4.1->widgetsnbextension~=3.5.0->ipywidgets>=7.0.0->pydeck>=0.1.dev5->streamlit->simpletransformers) (3.3.0)
Requirement already satisfied: jupyterlab-pygments in /software/anaconda3/2021.05/lib/python3.8/site-packages (from nbconvert->notebook>=4.4.1->widgetsnbextension~=3.5.0->ipywidgets>=7.0.0->pydeck>=0.1.dev5->streamlit->simpletransformers) (0.1.2)
Requirement already satisfied: async-generator in /software/anaconda3/2021.05/lib/python3.8/site-packages (from nbclient<0.6.0,>=0.5.0->nbconvert->notebook>=4.4.1->widgetsnbextension~=3.5.0->ipywidgets>=7.0.0->pydeck>=0.1.dev5->streamlit->simpletransformers) (1.10)
Requirement already satisfied: nest-asyncio in /software/anaconda3/2021.05/lib/python3.8/site-packages (from nbclient<0.6.0,>=0.5.0->nbconvert->notebook>=4.4.1->widgetsnbextension~=3.5.0->ipywidgets>=7.0.0->pydeck>=0.1.dev5->streamlit->simpletransformers) (1.5.1)
Requirement already satisfied: webencodings in /software/anaconda3/2021.05/lib/python3.8/site-packages (from bleach->nbconvert->notebook>=4.4.1->widgetsnbextension~=3.5.0->ipywidgets>=7.0.0->pydeck>=0.1.dev5->streamlit->simpletransformers) (0.5.1)
Requirement already satisfied: commonmark<0.10.0,>=0.9.0 in /home/mushir/.local/lib/python3.8/site-packages (from rich->streamlit->simpletransformers) (0.9.1)
Requirement already satisfied: markdown>=2.6.8 in /software/anaconda3/2021.05/lib/python3.8/site-packages (from tensorboard->simpletransformers) (3.3.4)
Requirement already satisfied: absl-py>=0.4 in /software/anaconda3/2021.05/lib/python3.8/site-packages (from tensorboard->simpletransformers) (1.1.0)
Requirement already satisfied: google-auth<2,>=1.6.3 in /software/anaconda3/2021.05/lib/python3.8/site-packages (from tensorboard->simpletransformers) (1.21.3)
Requirement already satisfied: grpcio>=1.24.3 in /software/anaconda3/2021.05/lib/python3.8/site-packages (from tensorboard->simpletransformers) (1.33.2)
Requirement already satisfied: google-auth-oauthlib<0.5,>=0.4.1 in /software/anaconda3/2021.05/lib/python3.8/site-packages (from tensorboard->simpletransformers) (0.4.6)
Requirement already satisfied: wheel>=0.26 in /software/anaconda3/2021.05/lib/python3.8/site-packages (from tensorboard->simpletransformers) (0.36.2)
Requirement already satisfied: tensorboard-plugin-wit>=1.6.0 in /software/anaconda3/2021.05/lib/python3.8/site-packages (from tensorboard->simpletransformers) (1.8.1)
Requirement already satisfied: werkzeug>=0.11.15 in /software/anaconda3/2021.05/lib/python3.8/site-packages (from tensorboard->simpletransformers) (1.0.1)
Requirement already satisfied: pyasn1-modules>=0.2.1 in /software/anaconda3/2021.05/lib/python3.8/site-packages (from google-auth<2,>=1.6.3->tensorboard->simpletransformers) (0.2.7)
Requirement already satisfied: rsa<5,>=3.1.4 in /software/anaconda3/2021.05/lib/python3.8/site-packages (from google-auth<2,>=1.6.3->tensorboard->simpletransformers) (4.8)
Requirement already satisfied: requests-oauthlib>=0.7.0 in /software/anaconda3/2021.05/lib/python3.8/site-packages (from google-auth-oauthlib<0.5,>=0.4.1->tensorboard->simpletransformers) (1.3.1)
Requirement already satisfied: pyasn1<0.5.0,>=0.4.6 in /software/anaconda3/2021.05/lib/python3.8/site-packages (from pyasn1-modules>=0.2.1->google-auth<2,>=1.6.3->tensorboard->simpletransformers) (0.4.8)
Requirement already satisfied: oauthlib>=3.0.0 in /software/anaconda3/2021.05/lib/python3.8/site-packages (from requests-oauthlib>=0.7.0->google-auth-oauthlib<0.5,>=0.4.1->tensorboard->simpletransformers) (3.2.0)
Requirement already satisfied: pytz-deprecation-shim in /home/mushir/.local/lib/python3.8/site-packages (from tzlocal->streamlit->simpletransformers) (0.1.0.post0)
Requirement already satisfied: backports.zoneinfo in /home/mushir/.local/lib/python3.8/site-packages (from tzlocal->streamlit->simpletransformers) (0.2.1)
Requirement already satisfied: tzdata in /home/mushir/.local/lib/python3.8/site-packages (from pytz-deprecation-shim->tzlocal->streamlit->simpletransformers) (2022.1)
